[0.019s] Invoking command in '/home/autodrive_devkit/build/nav2_msgs': AMENT_PREFIX_PATH=/home/autodrive_devkit/install/nav2_common:${AMENT_PREFIX_PATH} CMAKE_PREFIX_PATH=/home/autodrive_devkit/install/nav2_common:/home/autodrive_devkit/install/slam_toolbox:/home/autodrive_devkit/install/f1tenth_stanley_controller:/home/autodrive_devkit/install/autodrive_f1tenth:/opt/ros/humble PYTHONPATH=/home/autodrive_devkit/install/nav2_common/local/lib/python3.10/dist-packages:${PYTHONPATH} /usr/bin/cmake --build /home/autodrive_devkit/build/nav2_msgs -- -j16 -l16
[0.074s] [35m[1mConsolidate compiler generated dependencies of target nav2_msgs__rosidl_generator_c[0m
[0.078s] [  0%] Built target nav2_msgs__cpp
[0.084s] [  0%] Built target ament_cmake_python_copy_nav2_msgs
[0.093s] [35m[1mConsolidate compiler generated dependencies of target nav2_msgs__rosidl_typesupport_cpp[0m
[0.095s] [35m[1mConsolidate compiler generated dependencies of target nav2_msgs__rosidl_typesupport_introspection_cpp[0m
[0.096s] [35m[1mConsolidate compiler generated dependencies of target nav2_msgs__rosidl_typesupport_fastrtps_cpp[0m
[0.098s] [  1%] [32mBuilding C object CMakeFiles/nav2_msgs__rosidl_generator_c.dir/rosidl_generator_c/nav2_msgs/action/detail/navigate_through_poses__functions.c.o[0m
[0.098s] [  2%] [32mBuilding C object CMakeFiles/nav2_msgs__rosidl_generator_c.dir/rosidl_generator_c/nav2_msgs/action/detail/compute_path_through_poses__functions.c.o[0m
[0.098s] [  1%] [32mBuilding C object CMakeFiles/nav2_msgs__rosidl_generator_c.dir/rosidl_generator_c/nav2_msgs/action/detail/follow_gps_waypoints__functions.c.o[0m
[0.098s] [  1%] [32mBuilding C object CMakeFiles/nav2_msgs__rosidl_generator_c.dir/rosidl_generator_c/nav2_msgs/action/detail/undock_robot__functions.c.o[0m
[0.098s] [  2%] [32mBuilding C object CMakeFiles/nav2_msgs__rosidl_generator_c.dir/rosidl_generator_c/nav2_msgs/action/detail/dock_robot__functions.c.o[0m
[0.118s] In file included from [01m[K/home/autodrive_devkit/build/nav2_msgs/rosidl_generator_c/nav2_msgs/action/detail/compute_path_through_poses__functions.h:19[m[K,
[0.118s]                  from [01m[K/home/autodrive_devkit/build/nav2_msgs/rosidl_generator_c/nav2_msgs/action/detail/compute_path_through_poses__functions.c:4[m[K:
[0.118s] [01m[K/home/autodrive_devkit/build/nav2_msgs/rosidl_generator_c/nav2_msgs/action/detail/compute_path_through_poses__struct.h:22:10:[m[K [01;31m[Kfatal error: [m[Knav_msgs/msg/detail/goals__struct.h: No such file or directory
[0.118s]    22 | #include [01;31m[K"nav_msgs/msg/detail/goals__struct.h"[m[K
[0.118s]       |          [01;31m[K^~~~~~~~~~~~~~~~~~~~~~~~~~~~~~~~~~~~~[m[K
[0.118s] compilation terminated.
[0.118s] gmake[2]: *** [CMakeFiles/nav2_msgs__rosidl_generator_c.dir/build.make:1203: CMakeFiles/nav2_msgs__rosidl_generator_c.dir/rosidl_generator_c/nav2_msgs/action/detail/compute_path_through_poses__functions.c.o] Error 1
[0.118s] gmake[2]: *** Waiting for unfinished jobs....
[0.119s] In file included from [01m[K/home/autodrive_devkit/build/nav2_msgs/rosidl_generator_c/nav2_msgs/action/detail/navigate_through_poses__functions.h:19[m[K,
[0.120s]                  from [01m[K/home/autodrive_devkit/build/nav2_msgs/rosidl_generator_c/nav2_msgs/action/detail/navigate_through_poses__functions.c:4[m[K:
[0.120s] [01m[K/home/autodrive_devkit/build/nav2_msgs/rosidl_generator_c/nav2_msgs/action/detail/navigate_through_poses__struct.h:22:10:[m[K [01;31m[Kfatal error: [m[Knav_msgs/msg/detail/goals__struct.h: No such file or directory
[0.120s]    22 | #include [01;31m[K"nav_msgs/msg/detail/goals__struct.h"[m[K
[0.121s]       |          [01;31m[K^~~~~~~~~~~~~~~~~~~~~~~~~~~~~~~~~~~~~[m[K
[0.121s] compilation terminated.
[0.122s] gmake[2]: *** [CMakeFiles/nav2_msgs__rosidl_generator_c.dir/build.make:1273: CMakeFiles/nav2_msgs__rosidl_generator_c.dir/rosidl_generator_c/nav2_msgs/action/detail/navigate_through_poses__functions.c.o] Error 1
[0.129s] [  4%] [32mBuilding CXX object CMakeFiles/nav2_msgs__rosidl_typesupport_cpp.dir/rosidl_typesupport_cpp/nav2_msgs/action/smooth_path__type_support.cpp.o[0m
[0.129s] [  4%] [32mBuilding CXX object CMakeFiles/nav2_msgs__rosidl_typesupport_cpp.dir/rosidl_typesupport_cpp/nav2_msgs/action/navigate_to_pose__type_support.cpp.o[0m
[0.129s] [  4%] [32mBuilding CXX object CMakeFiles/nav2_msgs__rosidl_typesupport_cpp.dir/rosidl_typesupport_cpp/nav2_msgs/action/drive_on_heading__type_support.cpp.o[0m
[0.130s] [  4%] [32mBuilding CXX object CMakeFiles/nav2_msgs__rosidl_typesupport_cpp.dir/rosidl_typesupport_cpp/nav2_msgs/action/compute_path_through_poses__type_support.cpp.o[0m
[0.130s] [  4%] [32mBuilding CXX object CMakeFiles/nav2_msgs__rosidl_typesupport_cpp.dir/rosidl_typesupport_cpp/nav2_msgs/action/follow_path__type_support.cpp.o[0m
[0.135s] [  4%] [32mBuilding CXX object CMakeFiles/nav2_msgs__rosidl_typesupport_cpp.dir/rosidl_typesupport_cpp/nav2_msgs/action/navigate_through_poses__type_support.cpp.o[0m
[0.140s] [  4%] [32mBuilding CXX object CMakeFiles/nav2_msgs__rosidl_typesupport_cpp.dir/rosidl_typesupport_cpp/nav2_msgs/action/wait__type_support.cpp.o[0m
[0.141s] [  4%] [32mBuilding CXX object CMakeFiles/nav2_msgs__rosidl_typesupport_introspection_cpp.dir/rosidl_typesupport_introspection_cpp/nav2_msgs/action/detail/navigate_to_pose__type_support.cpp.o[0m
[0.141s] [  5%] [32mBuilding CXX object CMakeFiles/nav2_msgs__rosidl_typesupport_introspection_cpp.dir/rosidl_typesupport_introspection_cpp/nav2_msgs/action/detail/compute_path_through_poses__type_support.cpp.o[0m
[0.143s] [  6%] [32mBuilding CXX object CMakeFiles/nav2_msgs__rosidl_typesupport_introspection_cpp.dir/rosidl_typesupport_introspection_cpp/nav2_msgs/action/detail/follow_path__type_support.cpp.o[0m
[0.143s] [  7%] [32mBuilding CXX object CMakeFiles/nav2_msgs__rosidl_typesupport_cpp.dir/rosidl_typesupport_cpp/nav2_msgs/action/spin__type_support.cpp.o[0m
[0.153s] [  8%] [32mBuilding CXX object CMakeFiles/nav2_msgs__rosidl_typesupport_fastrtps_cpp.dir/rosidl_typesupport_fastrtps_cpp/nav2_msgs/action/detail/dds_fastrtps/compute_path_through_poses__type_support.cpp.o[0m
[0.234s] In file included from [01m[K/home/autodrive_devkit/build/nav2_msgs/rosidl_typesupport_introspection_cpp/nav2_msgs/action/detail/compute_path_through_poses__type_support.cpp:12[m[K:
[0.235s] [01m[K/home/autodrive_devkit/build/nav2_msgs/rosidl_generator_cpp/nav2_msgs/action/detail/compute_path_through_poses__struct.hpp:20:10:[m[K [01;31m[Kfatal error: [m[Knav_msgs/msg/detail/goals__struct.hpp: No such file or directory
[0.235s]    20 | #include [01;31m[K"nav_msgs/msg/detail/goals__struct.hpp"[m[K
[0.235s]       |          [01;31m[K^~~~~~~~~~~~~~~~~~~~~~~~~~~~~~~~~~~~~~~[m[K
[0.235s] compilation terminated.
[0.237s] gmake[2]: *** [CMakeFiles/nav2_msgs__rosidl_typesupport_introspection_cpp.dir/build.make:838: CMakeFiles/nav2_msgs__rosidl_typesupport_introspection_cpp.dir/rosidl_typesupport_introspection_cpp/nav2_msgs/action/detail/compute_path_through_poses__type_support.cpp.o] Error 1
[0.237s] gmake[2]: *** Waiting for unfinished jobs....
[0.242s] In file included from [01m[K/home/autodrive_devkit/build/nav2_msgs/rosidl_typesupport_fastrtps_cpp/nav2_msgs/action/detail/compute_path_through_poses__rosidl_typesupport_fastrtps_cpp.hpp:11[m[K,
[0.242s]                  from [01m[K/home/autodrive_devkit/build/nav2_msgs/rosidl_typesupport_fastrtps_cpp/nav2_msgs/action/detail/dds_fastrtps/compute_path_through_poses__type_support.cpp:4[m[K:
[0.242s] [01m[K/home/autodrive_devkit/build/nav2_msgs/rosidl_generator_cpp/nav2_msgs/action/detail/compute_path_through_poses__struct.hpp:20:10:[m[K [01;31m[Kfatal error: [m[Knav_msgs/msg/detail/goals__struct.hpp: No such file or directory
[0.242s]    20 | #include [01;31m[K"nav_msgs/msg/detail/goals__struct.hpp"[m[K
[0.243s]       |          [01;31m[K^~~~~~~~~~~~~~~~~~~~~~~~~~~~~~~~~~~~~~~[m[K
[0.243s] compilation terminated.
[0.245s] gmake[2]: *** [CMakeFiles/nav2_msgs__rosidl_typesupport_fastrtps_cpp.dir/build.make:838: CMakeFiles/nav2_msgs__rosidl_typesupport_fastrtps_cpp.dir/rosidl_typesupport_fastrtps_cpp/nav2_msgs/action/detail/dds_fastrtps/compute_path_through_poses__type_support.cpp.o] Error 1
[0.245s] gmake[2]: *** Waiting for unfinished jobs....
[0.248s] [  8%] [32mBuilding CXX object CMakeFiles/nav2_msgs__rosidl_typesupport_fastrtps_cpp.dir/rosidl_typesupport_fastrtps_cpp/nav2_msgs/action/detail/dds_fastrtps/smooth_path__type_support.cpp.o[0m
[0.254s] [  8%] [32mBuilding CXX object CMakeFiles/nav2_msgs__rosidl_typesupport_cpp.dir/rosidl_typesupport_cpp/nav2_msgs/action/dummy_behavior__type_support.cpp.o[0m
[0.275s] In file included from [01m[K/home/autodrive_devkit/build/nav2_msgs/rosidl_typesupport_cpp/nav2_msgs/action/compute_path_through_poses__type_support.cpp:7[m[K:
[0.276s] [01m[K/home/autodrive_devkit/build/nav2_msgs/rosidl_generator_cpp/nav2_msgs/action/detail/compute_path_through_poses__struct.hpp:20:10:[m[K [01;31m[Kfatal error: [m[Knav_msgs/msg/detail/goals__struct.hpp: No such file or directory
[0.276s]    20 | #include [01;31m[K"nav_msgs/msg/detail/goals__struct.hpp"[m[K
[0.276s]       |          [01;31m[K^~~~~~~~~~~~~~~~~~~~~~~~~~~~~~~~~~~~~~~[m[K
[0.277s] compilation terminated.
[0.281s] In file included from [01m[K/home/autodrive_devkit/build/nav2_msgs/rosidl_typesupport_cpp/nav2_msgs/action/navigate_through_poses__type_support.cpp:7[m[K:
[0.281s] [01m[K/home/autodrive_devkit/build/nav2_msgs/rosidl_generator_cpp/nav2_msgs/action/detail/navigate_through_poses__struct.hpp:20:10:[m[K [01;31m[Kfatal error: [m[Knav_msgs/msg/detail/goals__struct.hpp: No such file or directory
[0.281s]    20 | #include [01;31m[K"nav_msgs/msg/detail/goals__struct.hpp"[m[K
[0.281s]       |          [01;31m[K^~~~~~~~~~~~~~~~~~~~~~~~~~~~~~~~~~~~~~~[m[K
[0.281s] compilation terminated.
[0.283s] gmake[2]: *** [CMakeFiles/nav2_msgs__rosidl_typesupport_cpp.dir/build.make:786: CMakeFiles/nav2_msgs__rosidl_typesupport_cpp.dir/rosidl_typesupport_cpp/nav2_msgs/action/navigate_through_poses__type_support.cpp.o] Error 1
[0.283s] gmake[2]: *** Waiting for unfinished jobs....
[0.289s] gmake[2]: *** [CMakeFiles/nav2_msgs__rosidl_typesupport_cpp.dir/build.make:716: CMakeFiles/nav2_msgs__rosidl_typesupport_cpp.dir/rosidl_typesupport_cpp/nav2_msgs/action/compute_path_through_poses__type_support.cpp.o] Error 1
[0.519s] running egg_info
[0.520s] writing nav2_msgs.egg-info/PKG-INFO
[0.520s] writing dependency_links to nav2_msgs.egg-info/dependency_links.txt
[0.520s] writing top-level names to nav2_msgs.egg-info/top_level.txt
[0.524s] reading manifest file 'nav2_msgs.egg-info/SOURCES.txt'
[0.524s] writing manifest file 'nav2_msgs.egg-info/SOURCES.txt'
[0.573s] gmake[1]: *** [CMakeFiles/Makefile2:213: CMakeFiles/nav2_msgs__rosidl_generator_c.dir/all] Error 2
[0.573s] gmake[1]: *** Waiting for unfinished jobs....
[0.579s] [  8%] Built target ament_cmake_python_build_nav2_msgs_egg
[0.762s] gmake[1]: *** [CMakeFiles/Makefile2:395: CMakeFiles/nav2_msgs__rosidl_typesupport_cpp.dir/all] Error 2
[0.841s] gmake[1]: *** [CMakeFiles/Makefile2:369: CMakeFiles/nav2_msgs__rosidl_typesupport_introspection_cpp.dir/all] Error 2
[0.889s] gmake[1]: *** [CMakeFiles/Makefile2:291: CMakeFiles/nav2_msgs__rosidl_typesupport_fastrtps_cpp.dir/all] Error 2
[0.889s] gmake: *** [Makefile:146: all] Error 2
[0.892s] Invoked command in '/home/autodrive_devkit/build/nav2_msgs' returned '2': AMENT_PREFIX_PATH=/home/autodrive_devkit/install/nav2_common:${AMENT_PREFIX_PATH} CMAKE_PREFIX_PATH=/home/autodrive_devkit/install/nav2_common:/home/autodrive_devkit/install/slam_toolbox:/home/autodrive_devkit/install/f1tenth_stanley_controller:/home/autodrive_devkit/install/autodrive_f1tenth:/opt/ros/humble PYTHONPATH=/home/autodrive_devkit/install/nav2_common/local/lib/python3.10/dist-packages:${PYTHONPATH} /usr/bin/cmake --build /home/autodrive_devkit/build/nav2_msgs -- -j16 -l16
