In file included from [01m[K/home/autodrive_devkit/build/nav2_msgs/rosidl_generator_c/nav2_msgs/action/detail/compute_path_through_poses__functions.h:19[m[K,
                 from [01m[K/home/autodrive_devkit/build/nav2_msgs/rosidl_generator_c/nav2_msgs/action/detail/compute_path_through_poses__functions.c:4[m[K:
[01m[K/home/autodrive_devkit/build/nav2_msgs/rosidl_generator_c/nav2_msgs/action/detail/compute_path_through_poses__struct.h:22:10:[m[K [01;31m[Kfatal error: [m[Knav_msgs/msg/detail/goals__struct.h: No such file or directory
   22 | #include [01;31m[K"nav_msgs/msg/detail/goals__struct.h"[m[K
      |          [01;31m[K^~~~~~~~~~~~~~~~~~~~~~~~~~~~~~~~~~~~~[m[K
compilation terminated.
gmake[2]: *** [CMakeFiles/nav2_msgs__rosidl_generator_c.dir/build.make:1203: CMakeFiles/nav2_msgs__rosidl_generator_c.dir/rosidl_generator_c/nav2_msgs/action/detail/compute_path_through_poses__functions.c.o] Error 1
gmake[2]: *** Waiting for unfinished jobs....
In file included from [01m[K/home/autodrive_devkit/build/nav2_msgs/rosidl_generator_c/nav2_msgs/action/detail/navigate_through_poses__functions.h:19[m[K,
                 from [01m[K/home/autodrive_devkit/build/nav2_msgs/rosidl_generator_c/nav2_msgs/action/detail/navigate_through_poses__functions.c:4[m[K:
[01m[K/home/autodrive_devkit/build/nav2_msgs/rosidl_generator_c/nav2_msgs/action/detail/navigate_through_poses__struct.h:22:10:[m[K [01;31m[Kfatal error: [m[Knav_msgs/msg/detail/goals__struct.h: No such file or directory
   22 | #include [01;31m[K"nav_msgs/msg/detail/goals__struct.h"[m[K
      |          [01;31m[K^~~~~~~~~~~~~~~~~~~~~~~~~~~~~~~~~~~~~[m[K
compilation terminated.
gmake[2]: *** [CMakeFiles/nav2_msgs__rosidl_generator_c.dir/build.make:1273: CMakeFiles/nav2_msgs__rosidl_generator_c.dir/rosidl_generator_c/nav2_msgs/action/detail/navigate_through_poses__functions.c.o] Error 1
gmake[1]: *** [CMakeFiles/Makefile2:213: CMakeFiles/nav2_msgs__rosidl_generator_c.dir/all] Error 2
gmake[1]: *** Waiting for unfinished jobs....
In file included from [01m[K/home/autodrive_devkit/build/nav2_msgs/rosidl_typesupport_cpp/nav2_msgs/action/compute_path_through_poses__type_support.cpp:7[m[K:
[01m[K/home/autodrive_devkit/build/nav2_msgs/rosidl_generator_cpp/nav2_msgs/action/detail/compute_path_through_poses__struct.hpp:20:10:[m[K [01;31m[Kfatal error: [m[Knav_msgs/msg/detail/goals__struct.hpp: No such file or directory
   20 | #include [01;31m[K"nav_msgs/msg/detail/goals__struct.hpp"[m[K
      |          [01;31m[K^~~~~~~~~~~~~~~~~~~~~~~~~~~~~~~~~~~~~~~[m[K
compilation terminated.
gmake[2]: *** [CMakeFiles/nav2_msgs__rosidl_typesupport_cpp.dir/build.make:716: CMakeFiles/nav2_msgs__rosidl_typesupport_cpp.dir/rosidl_typesupport_cpp/nav2_msgs/action/compute_path_through_poses__type_support.cpp.o] Error 1
gmake[2]: *** Waiting for unfinished jobs....
gmake[1]: *** [CMakeFiles/Makefile2:395: CMakeFiles/nav2_msgs__rosidl_typesupport_cpp.dir/all] Error 2
In file included from [01m[K/home/autodrive_devkit/build/nav2_msgs/rosidl_typesupport_introspection_cpp/nav2_msgs/action/detail/compute_path_through_poses__type_support.cpp:12[m[K:
[01m[K/home/autodrive_devkit/build/nav2_msgs/rosidl_generator_cpp/nav2_msgs/action/detail/compute_path_through_poses__struct.hpp:20:10:[m[K [01;31m[Kfatal error: [m[Knav_msgs/msg/detail/goals__struct.hpp: No such file or directory
   20 | #include [01;31m[K"nav_msgs/msg/detail/goals__struct.hpp"[m[K
      |          [01;31m[K^~~~~~~~~~~~~~~~~~~~~~~~~~~~~~~~~~~~~~~[m[K
compilation terminated.
gmake[2]: *** [CMakeFiles/nav2_msgs__rosidl_typesupport_introspection_cpp.dir/build.make:838: CMakeFiles/nav2_msgs__rosidl_typesupport_introspection_cpp.dir/rosidl_typesupport_introspection_cpp/nav2_msgs/action/detail/compute_path_through_poses__type_support.cpp.o] Error 1
gmake[2]: *** Waiting for unfinished jobs....
gmake[1]: *** [CMakeFiles/Makefile2:369: CMakeFiles/nav2_msgs__rosidl_typesupport_introspection_cpp.dir/all] Error 2
In file included from [01m[K/home/autodrive_devkit/build/nav2_msgs/rosidl_typesupport_fastrtps_cpp/nav2_msgs/action/detail/compute_path_through_poses__rosidl_typesupport_fastrtps_cpp.hpp:11[m[K,
                 from [01m[K/home/autodrive_devkit/build/nav2_msgs/rosidl_typesupport_fastrtps_cpp/nav2_msgs/action/detail/dds_fastrtps/compute_path_through_poses__type_support.cpp:4[m[K:
[01m[K/home/autodrive_devkit/build/nav2_msgs/rosidl_generator_cpp/nav2_msgs/action/detail/compute_path_through_poses__struct.hpp:20:10:[m[K [01;31m[Kfatal error: [m[Knav_msgs/msg/detail/goals__struct.hpp: No such file or directory
   20 | #include [01;31m[K"nav_msgs/msg/detail/goals__struct.hpp"[m[K
      |          [01;31m[K^~~~~~~~~~~~~~~~~~~~~~~~~~~~~~~~~~~~~~~[m[K
compilation terminated.
gmake[2]: *** [CMakeFiles/nav2_msgs__rosidl_typesupport_fastrtps_cpp.dir/build.make:838: CMakeFiles/nav2_msgs__rosidl_typesupport_fastrtps_cpp.dir/rosidl_typesupport_fastrtps_cpp/nav2_msgs/action/detail/dds_fastrtps/compute_path_through_poses__type_support.cpp.o] Error 1
gmake[2]: *** Waiting for unfinished jobs....
gmake[1]: *** [CMakeFiles/Makefile2:291: CMakeFiles/nav2_msgs__rosidl_typesupport_fastrtps_cpp.dir/all] Error 2
gmake: *** [Makefile:146: all] Error 2
